c:\users\kun\desktop\se102-game\se102-game\debug\vc142.pdb
c:\users\kun\desktop\se102-game\se102-game\debug\vc142.idb
c:\users\kun\desktop\se102-game\se102-game\debug\transform.obj
c:\users\kun\desktop\se102-game\se102-game\debug\samplekeyeventhandler.obj
c:\users\kun\desktop\se102-game\se102-game\debug\keyeventhandler.obj
c:\users\kun\desktop\se102-game\se102-game\debug\debug.obj
c:\users\kun\desktop\se102-game\se102-game\debug\animationframe.obj
c:\users\kun\desktop\se102-game\se102-game\debug\texturemanager.obj
c:\users\kun\desktop\se102-game\se102-game\debug\scence.obj
c:\users\kun\desktop\se102-game\se102-game\debug\mario.obj
c:\users\kun\desktop\se102-game\se102-game\debug\gameobject.obj
c:\users\kun\desktop\se102-game\se102-game\debug\game.obj
c:\users\kun\desktop\se102-game\se102-game\debug\brick.obj
c:\users\kun\desktop\se102-game\se102-game\debug\animation.obj
c:\users\kun\desktop\se102-game\se102-game\debug\sprite.obj
c:\users\kun\desktop\se102-game\se102-game\debug\main.obj
c:\users\kun\desktop\se102-game\se102-game\debug\spritemanager.obj
c:\users\kun\desktop\se102-game\se102-game\debug\gametime.obj
c:\users\kun\desktop\se102-game\se102-game\debug\gameglobal.obj
c:\users\kun\desktop\se102-game\debug\se102-game.pdb
c:\users\kun\desktop\se102-game\se102-game\debug\se102-game.tlog\cl.command.1.tlog
c:\users\kun\desktop\se102-game\se102-game\debug\se102-game.tlog\cl.read.1.tlog
c:\users\kun\desktop\se102-game\se102-game\debug\se102-game.tlog\cl.write.1.tlog
c:\users\kun\desktop\se102-game\se102-game\debug\se102-game.tlog\link-cvtres.read.1.tlog
c:\users\kun\desktop\se102-game\se102-game\debug\se102-game.tlog\link-cvtres.write.1.tlog
c:\users\kun\desktop\se102-game\se102-game\debug\se102-game.tlog\link-rc.read.1.tlog
c:\users\kun\desktop\se102-game\se102-game\debug\se102-game.tlog\link-rc.write.1.tlog
c:\users\kun\desktop\se102-game\se102-game\debug\se102-game.tlog\link.command.1.tlog
c:\users\kun\desktop\se102-game\se102-game\debug\se102-game.tlog\link.read.1.tlog
c:\users\kun\desktop\se102-game\se102-game\debug\se102-game.tlog\link.write.1.tlog
