  PlayScene.cpp
C:\Users\KuN\Desktop\SE102-Game\SE102-Game\Koopas.h(4,1): warning C4005: 'GOOMBA_WALKING_SPEED': macro redefinition
C:\Users\KuN\Desktop\SE102-Game\SE102-Game\Goomba.h(4): message : see previous definition of 'GOOMBA_WALKING_SPEED'
C:\Users\KuN\Desktop\SE102-Game\SE102-Game\Koopas.h(7,1): warning C4005: 'GOOMBA_BBOX_HEIGHT': macro redefinition
C:\Users\KuN\Desktop\SE102-Game\SE102-Game\Goomba.h(7): message : see previous definition of 'GOOMBA_BBOX_HEIGHT'
C:\Users\KuN\Desktop\SE102-Game\SE102-Game\PlayScene.cpp(129,59): warning C4244: 'argument': conversion from 'int' to 'FLOAT', possible loss of data
C:\Users\KuN\Desktop\SE102-Game\SE102-Game\PlayScene.cpp(129,57): warning C4244: 'argument': conversion from 'int' to 'FLOAT', possible loss of data
C:\Users\KuN\Desktop\SE102-Game\SE102-Game\PlayScene.cpp(137,36): warning C4244: 'argument': conversion from 'int' to 'float', possible loss of data
C:\Users\KuN\Desktop\SE102-Game\SE102-Game\PlayScene.cpp(137,33): warning C4244: 'argument': conversion from 'int' to 'float', possible loss of data
C:\Users\KuN\Desktop\SE102-Game\SE102-Game\PlayScene.cpp(145,36): warning C4244: 'argument': conversion from 'int' to 'float', possible loss of data
C:\Users\KuN\Desktop\SE102-Game\SE102-Game\PlayScene.cpp(145,33): warning C4244: 'argument': conversion from 'int' to 'float', possible loss of data
C:\Users\KuN\Desktop\SE102-Game\SE102-Game\PlayScene.cpp(153,49): warning C4244: 'argument': conversion from 'int' to 'FLOAT', possible loss of data
C:\Users\KuN\Desktop\SE102-Game\SE102-Game\PlayScene.cpp(153,46): warning C4244: 'argument': conversion from 'int' to 'FLOAT', possible loss of data
C:\Users\KuN\Desktop\SE102-Game\SE102-Game\PlayScene.cpp(232,20): warning C4018: '<': signed/unsigned mismatch
C:\Users\KuN\Desktop\SE102-Game\SE102-Game\PlayScene.cpp(235,20): warning C4018: '<': signed/unsigned mismatch
C:\Users\KuN\Desktop\SE102-Game\SE102-Game\PlayScene.cpp(243,20): warning C4018: '<': signed/unsigned mismatch
C:\Users\KuN\Desktop\SE102-Game\SE102-Game\PlayScene.cpp(258,20): warning C4018: '<': signed/unsigned mismatch
C:\Users\KuN\Desktop\SE102-Game\SE102-Game\PlayScene.cpp(350,20): warning C4018: '<': signed/unsigned mismatch
C:\Users\KuN\Desktop\SE102-Game\SE102-Game\PlayScene.cpp(356,20): warning C4018: '<': signed/unsigned mismatch
  QuestionBox.cpp
  Generating Code...
  SE102-Game.vcxproj -> C:\Users\KuN\Desktop\SE102-Game\Debug\SE102-Game.exe
